<?xml version="1.0" encoding="UTF-8"?>
<!-- Generated by org.testng.reporters.JUnitReportReporter -->
<testsuite skipped="0" hostname="NDI-LAP-859" name="com.saucedemo.testcases.TestCaseWithoutFramework" tests="2" failures="0" timestamp="2022-07-14T20:41:53 IST" time="26.424" errors="0">
  <testcase name="loginTest" time="17.540" classname="com.saucedemo.testcases.TestCaseWithoutFramework"/>
  <system-out/>
  <testcase name="errorTest" time="8.884" classname="com.saucedemo.testcases.TestCaseWithoutFramework"/>
  <system-out/>
</testsuite> <!-- com.saucedemo.testcases.TestCaseWithoutFramework -->
